2021-05-12/04:55:41 ::1 microtime=0.456046,page=Home,
2021-05-12/05:00:38 ::1 microtime=0.07165,page=Home,
2021-05-12/05:00:39 ::1 microtime=0.384727,page=Home,
2021-05-12/05:00:40 ::1 microtime=0.456261,page=Home,
2021-05-12/05:00:45 ::1 microtime=0.188053,page=List+of+pages+%281%29,
2021-05-12/05:00:49 ::1 microtime=0.774704,page=toto,
2021-05-12/05:00:53 ::1 microtime=0.856696,page=toto,
2021-05-12/05:01:04 ::1 microtime=0.036222,page=toto,
2021-05-12/05:01:10 ::1 microtime=0.743299,page=toto,
2021-05-12/05:01:12 ::1 microtime=0.901141,page=toto,
2021-05-12/05:02:37 ::1 microtime=0.639738,page=toto,
2021-05-12/05:03:00 ::1 microtime=0.989713,page=Home,
2021-05-12/05:03:05 ::1 microtime=0.032791,page=Home,
2021-05-12/05:03:11 ::1 microtime=0.186539,page=Home,
2021-05-12/05:04:06 ::1 microtime=0.801978,page=Home,
2021-05-12/07:06:55 ::1 microtime=0.19811,page=Home,
2021-05-12/07:07:08 ::1 microtime=0.578196,page=Recent+changes,
2021-05-12/07:07:18 ::1 microtime=0.703815,page=Home,
2021-05-12/07:07:19 ::1 microtime=0.819053,page=Recent+changes,
2021-05-12/07:07:44 ::1 microtime=0.433096,page=Home,
2021-05-12/07:07:47 ::1 microtime=0.051441,page=Home,
2021-05-12/07:07:52 ::1 microtime=0.935175,page=Home,
2021-05-12/07:07:58 ::1 microtime=0.468595,page=Home,
2021-05-12/07:11:51 ::1 microtime=0.213705,page=toto,
2021-05-12/07:11:56 ::1 microtime=0.634118,page=titi,
2021-05-12/07:12:49 ::1 microtime=0.487296,page=titi,
